2025-12-12 22:32:17 INFO [SCAN-START] scan_20251212_170217
2025-12-12 22:32:17 INFO Scan folder: /Users/apple/Desktop/threat-engine/azure_compliance_python_engine/output/scan_20251212_170217
2025-12-12 22:32:17 INFO Log file: /Users/apple/Desktop/threat-engine/azure_compliance_python_engine/output/scan_20251212_170217/logs/scan.log
2025-12-12 22:32:17 INFO ================================================================================
2025-12-12 22:32:17 INFO AZURE FLEXIBLE COMPLIANCE SCANNER
2025-12-12 22:32:17 INFO ================================================================================
2025-12-12 22:32:17 INFO 
Scan Scope:
2025-12-12 22:32:17 INFO   Subscriptions: 1 - ['f6d24b5d-51ed-47b7-9f6a-0ad194156b5e']
2025-12-12 22:32:17 INFO   Locations: 1 - ['eastus']
2025-12-12 22:32:17 INFO   Services: 1 - ['keyvault']
2025-12-12 22:32:17 INFO 
Parallelism:
2025-12-12 22:32:17 INFO   Subscription workers: 3
2025-12-12 22:32:17 INFO   Service/location workers: 5
2025-12-12 22:32:17 INFO 
Scanning 1 subscriptions in parallel (max 3)...
2025-12-12 22:32:17 INFO [1/1] ✓ Subscription-f6d24b5d-51ed-47b7-9f6a-0ad194156b5e: 7 checks
2025-12-12 22:32:17 INFO 
================================================================================
2025-12-12 22:32:17 INFO SCAN COMPLETE
2025-12-12 22:32:17 INFO ================================================================================
2025-12-12 22:32:17 INFO Total checks: 7
2025-12-12 22:32:17 INFO   PASS: 7
2025-12-12 22:32:17 INFO   FAIL: 0
