
================================================================================
RULE FIELD MAPPING ANALYSIS
================================================================================

Analyzing 102 services...

[1/102] accessanalyzer
  ⚠️  2 issues found
[2/102] account
  ⚠️  1 issues found
[3/102] acm
  ⚠️  14 issues found
[4/102] apigateway
  ⚠️  18 issues found
[5/102] apigatewayv2
  ⚠️  6 issues found
[6/102] appstream
  ⚠️  1 issues found
[7/102] appsync
  ⚠️  1 issues found
[8/102] athena
  ⚠️  6 issues found
[9/102] autoscaling
  ⚠️  4 issues found
[10/102] backup
  ⚠️  61 issues found
[11/102] batch
  ⚠️  6 issues found
[12/102] bedrock
  ⚠️  4 issues found
[13/102] budgets
  ⚠️  4 issues found
[14/102] cloudformation
  ⚠️  1 issues found
[15/102] cloudfront
  ⚠️  22 issues found
[16/102] cloudtrail
  ⚠️  41 issues found
[17/102] cloudwatch
  ⚠️  85 issues found
[18/102] codeartifact
  ⚠️  1 issues found
[19/102] codebuild
  ⚠️  5 issues found
[20/102] cognito
  ⚠️  7 issues found
[21/102] config
  ⚠️  6 issues found
[22/102] controltower
  ⚠️  6 issues found
[23/102] costexplorer
  ⚠️  6 issues found
[24/102] datasync
  ✅ 1 checks validated
[25/102] detective
  ⚠️  2 issues found
[26/102] directconnect
  ⚠️  4 issues found
[27/102] directoryservice
  ⚠️  1 issues found
[28/102] dms
  ⚠️  1 issues found
[29/102] docdb
  ⚠️  22 issues found
[30/102] drs
  ⚠️  1 issues found
[31/102] dynamodb
  ⚠️  14 issues found
[32/102] ebs
  ⚠️  10 issues found
[33/102] ec2
  ⚠️  115 issues found
[34/102] ecr
  ⚠️  10 issues found
[35/102] ecs
  ⚠️  3 issues found
[36/102] edr
  ⚠️  1 issues found
[37/102] efs
  ⚠️  9 issues found
[38/102] eip
  ⚠️  1 issues found
[39/102] eks
  ⚠️  24 issues found
[40/102] elastic
  ⚠️  1 issues found
[41/102] elasticache
  ⚠️  15 issues found
[42/102] elasticbeanstalk
  ⚠️  9 issues found
[43/102] elb
  ⚠️  7 issues found
[44/102] elbv2
  ⚠️  9 issues found
[45/102] emr
  ⚠️  3 issues found
[46/102] eventbridge
  ⚠️  14 issues found
[47/102] fargate
  ⚠️  7 issues found
[48/102] firehose
  ✅ 1 checks validated
[49/102] fsx
  ⚠️  4 issues found
[50/102] glacier
  ⚠️  11 issues found
[51/102] globalaccelerator
  ⚠️  3 issues found
[52/102] glue
  ⚠️  84 issues found
[53/102] guardduty
  ⚠️  12 issues found
[54/102] iam
  ⚠️  105 issues found
[55/102] identitycenter
  ⚠️  15 issues found
[56/102] inspector
  ⚠️  2 issues found
[57/102] kafka
  ⚠️  1 issues found
[58/102] keyspaces
  ⚠️  1 issues found
[59/102] kinesis
  ⚠️  4 issues found
[60/102] kinesisanalytics
  ⚠️  2 issues found
[61/102] kinesisfirehose
  ⚠️  3 issues found
[62/102] kinesisvideostreams
  ⚠️  1 issues found
[63/102] kms
  ⚠️  24 issues found
[64/102] lakeformation
  ⚠️  2 issues found
[65/102] lambda
  ⚠️  25 issues found
[66/102] lightsail
  ⚠️  4 issues found
[67/102] macie
  ⚠️  9 issues found
[68/102] mq
  ✅ 3 checks validated
[69/102] neptune
  ⚠️  20 issues found
[70/102] networkfirewall
  ⚠️  6 issues found
[71/102] no
  ⚠️  1 issues found
[72/102] opensearch
  ⚠️  6 issues found
[73/102] organizations
  ⚠️  14 issues found
[74/102] parameterstore
  ⚠️  3 issues found
[75/102] qldb
  ⚠️  4 issues found
[76/102] quicksight
  ⚠️  10 issues found
[77/102] rds
  ⚠️  48 issues found
[78/102] redshift
  ⚠️  37 issues found
[79/102] route53
  ⚠️  10 issues found
[80/102] s3
  ⚠️  27 issues found
[81/102] sagemaker
  ⚠️  73 issues found
[82/102] savingsplans
  ⚠️  3 issues found
[83/102] secretsmanager
  ⚠️  5 issues found
[84/102] securityhub
  ⚠️  6 issues found
[85/102] servicecatalog
  ✅ 1 checks validated
[86/102] ses
  ⚠️  8 issues found
[87/102] shield
  ⚠️  3 issues found
[88/102] sns
  ⚠️  16 issues found
[89/102] sqs
  ⚠️  4 issues found
[90/102] ssm
  ⚠️  10 issues found
[91/102] stepfunctions
  ⚠️  29 issues found
[92/102] storagegateway
  ⚠️  7 issues found
[93/102] timestream
  ⚠️  13 issues found
[94/102] transfer
  ✅ 1 checks validated
[95/102] vpc
  ⚠️  53 issues found
[96/102] vpcflowlogs
  ✅ 4 checks validated
[97/102] waf
  ⚠️  10 issues found
[98/102] wafv2
  ⚠️  6 issues found
[99/102] wellarchitected
  ⚠️  1 issues found
[100/102] workflows
  ⚠️  3 issues found
[101/102] workspaces
  ⚠️  3 issues found
[102/102] xray
  ⚠️  4 issues found

================================================================================
ANALYSIS SUMMARY
================================================================================
Total services: 102
Total checks: 1932
Total issues: 1346

Issue breakdown:
  • missing_fields: 1346

📄 Detailed analysis: /Users/apple/Desktop/threat-engine/aws_compliance_python_engine/services/FIELD_MAPPING_ANALYSIS.json

================================================================================
AWS API MAPPING
================================================================================

Traceback (most recent call last):
  File "/Users/apple/Desktop/threat-engine/aws_compliance_python_engine/services/analyze_field_mappings.py", line 342, in <module>
    analyzer.analyze_all_services()
    ~~~~~~~~~~~~~~~~~~~~~~~~~~~~~^^
  File "/Users/apple/Desktop/threat-engine/aws_compliance_python_engine/services/analyze_field_mappings.py", line 228, in analyze_all_services
    self.create_aws_api_mapping(all_analysis)
    ~~~~~~~~~~~~~~~~~~~~~~~~~~~^^^^^^^^^^^^^^
  File "/Users/apple/Desktop/threat-engine/aws_compliance_python_engine/services/analyze_field_mappings.py", line 257, in create_aws_api_mapping
    if action.startswith('list_'):
       ^^^^^^^^^^^^^^^^^
AttributeError: 'NoneType' object has no attribute 'startswith'
