2025-12-12 23:07:24 INFO [SCAN-START] scan_20251212_173724
2025-12-12 23:07:24 INFO Scan folder: /Users/apple/Desktop/threat-engine/azure_compliance_python_engine/output/scan_20251212_173724
2025-12-12 23:07:24 INFO Log file: /Users/apple/Desktop/threat-engine/azure_compliance_python_engine/output/scan_20251212_173724/logs/scan.log
2025-12-12 23:07:24 INFO ================================================================================
2025-12-12 23:07:24 INFO AZURE FLEXIBLE COMPLIANCE SCANNER
2025-12-12 23:07:24 INFO ================================================================================
2025-12-12 23:07:26 INFO 
Scan Scope:
2025-12-12 23:07:26 INFO   Subscriptions: 1 - ['f6d24b5d-51ed-47b7-9f6a-0ad194156b5e']
2025-12-12 23:07:26 INFO   Locations: 1 - ['eastus']
2025-12-12 23:07:26 INFO   Services: 6 - ['storage', 'network', 'keyvault', 'compute', 'automation', 'batch']
2025-12-12 23:07:26 INFO 
Parallelism:
2025-12-12 23:07:26 INFO   Subscription workers: 3
2025-12-12 23:07:26 INFO   Service/location workers: 20
2025-12-12 23:07:26 INFO 
Scanning 1 subscriptions in parallel (max 3)...
2025-12-12 23:07:26 INFO [1/1] ✓ Azure subscription 1: 282 checks
2025-12-12 23:07:26 INFO 
================================================================================
2025-12-12 23:07:26 INFO SCAN COMPLETE
2025-12-12 23:07:26 INFO ================================================================================
2025-12-12 23:07:26 INFO Total checks: 282
2025-12-12 23:07:26 INFO   PASS: 282
2025-12-12 23:07:26 INFO   FAIL: 0
2025-12-12 23:07:26 INFO 
Report: /Users/apple/Desktop/threat-engine/azure_compliance_python_engine/output/scan_20251212_173724
2025-12-12 23:07:26 INFO Latest: /Users/apple/Desktop/threat-engine/azure_compliance_python_engine/output/latest
