2025-12-12 22:37:40 INFO [SCAN-START] scan_20251212_170740
2025-12-12 22:37:40 INFO Scan folder: /Users/apple/Desktop/threat-engine/azure_compliance_python_engine/output/scan_20251212_170740
2025-12-12 22:37:40 INFO Log file: /Users/apple/Desktop/threat-engine/azure_compliance_python_engine/output/scan_20251212_170740/logs/scan.log
2025-12-12 22:37:40 INFO ================================================================================
2025-12-12 22:37:40 INFO AZURE FLEXIBLE COMPLIANCE SCANNER
2025-12-12 22:37:40 INFO ================================================================================
2025-12-12 22:37:43 INFO 
Scan Scope:
2025-12-12 22:37:43 INFO   Subscriptions: 1 - ['f6d24b5d-51ed-47b7-9f6a-0ad194156b5e']
2025-12-12 22:37:43 INFO   Locations: 1 - ['eastus']
2025-12-12 22:37:43 INFO   Services: 1 - ['keyvault']
2025-12-12 22:37:43 INFO 
Parallelism:
2025-12-12 22:37:43 INFO   Subscription workers: 3
2025-12-12 22:37:43 INFO   Service/location workers: 5
2025-12-12 22:37:43 INFO 
Scanning 1 subscriptions in parallel (max 3)...
2025-12-12 22:37:43 INFO [1/1] ✓ Azure subscription 1: 7 checks
2025-12-12 22:37:43 INFO 
================================================================================
2025-12-12 22:37:43 INFO SCAN COMPLETE
2025-12-12 22:37:43 INFO ================================================================================
2025-12-12 22:37:43 INFO Total checks: 7
2025-12-12 22:37:43 INFO   PASS: 7
2025-12-12 22:37:43 INFO   FAIL: 0
2025-12-12 22:37:43 INFO 
Report: /Users/apple/Desktop/threat-engine/azure_compliance_python_engine/output/scan_20251212_170740
2025-12-12 22:37:43 INFO Latest: /Users/apple/Desktop/threat-engine/azure_compliance_python_engine/output/latest
