2025-12-12 23:02:38 INFO [SCAN-START] scan_20251212_173238
2025-12-12 23:02:38 INFO Scan folder: /Users/apple/Desktop/threat-engine/azure_compliance_python_engine/output/scan_20251212_173238
2025-12-12 23:02:38 INFO Log file: /Users/apple/Desktop/threat-engine/azure_compliance_python_engine/output/scan_20251212_173238/logs/scan.log
2025-12-12 23:02:38 INFO ================================================================================
2025-12-12 23:02:38 INFO AZURE FLEXIBLE COMPLIANCE SCANNER
2025-12-12 23:02:38 INFO ================================================================================
2025-12-12 23:02:41 INFO 
Scan Scope:
2025-12-12 23:02:41 INFO   Subscriptions: 1 - ['f6d24b5d-51ed-47b7-9f6a-0ad194156b5e']
2025-12-12 23:02:41 INFO   Locations: 1 - ['eastus']
2025-12-12 23:02:41 INFO   Services: 4 - ['storage', 'network', 'keyvault', 'compute']
2025-12-12 23:02:41 INFO 
Parallelism:
2025-12-12 23:02:41 INFO   Subscription workers: 3
2025-12-12 23:02:41 INFO   Service/location workers: 10
2025-12-12 23:02:41 INFO 
Scanning 1 subscriptions in parallel (max 3)...
2025-12-12 23:02:42 INFO [1/1] ✓ Azure subscription 1: 7 checks
2025-12-12 23:02:42 INFO 
================================================================================
2025-12-12 23:02:42 INFO SCAN COMPLETE
2025-12-12 23:02:42 INFO ================================================================================
2025-12-12 23:02:42 INFO Total checks: 7
2025-12-12 23:02:42 INFO   PASS: 7
2025-12-12 23:02:42 INFO   FAIL: 0
2025-12-12 23:02:42 INFO 
Report: /Users/apple/Desktop/threat-engine/azure_compliance_python_engine/output/scan_20251212_173238
2025-12-12 23:02:42 INFO Latest: /Users/apple/Desktop/threat-engine/azure_compliance_python_engine/output/latest
