2025-12-12 23:03:07 INFO [SCAN-START] scan_20251212_173307
2025-12-12 23:03:07 INFO Scan folder: /Users/apple/Desktop/threat-engine/azure_compliance_python_engine/output/scan_20251212_173307
2025-12-12 23:03:07 INFO Log file: /Users/apple/Desktop/threat-engine/azure_compliance_python_engine/output/scan_20251212_173307/logs/scan.log
2025-12-12 23:03:07 INFO ================================================================================
2025-12-12 23:03:07 INFO AZURE FLEXIBLE COMPLIANCE SCANNER
2025-12-12 23:03:07 INFO ================================================================================
2025-12-12 23:03:10 INFO 
Scan Scope:
2025-12-12 23:03:10 INFO   Subscriptions: 1 - ['f6d24b5d-51ed-47b7-9f6a-0ad194156b5e']
2025-12-12 23:03:10 INFO   Locations: 1 - ['eastus']
2025-12-12 23:03:10 INFO   Services: 4 - ['storage', 'network', 'keyvault', 'compute']
2025-12-12 23:03:10 INFO 
Parallelism:
2025-12-12 23:03:10 INFO   Subscription workers: 3
2025-12-12 23:03:10 INFO   Service/location workers: 20
2025-12-12 23:03:10 INFO 
Scanning 1 subscriptions in parallel (max 3)...
2025-12-12 23:03:10 INFO [1/1] ✓ Azure subscription 1: 277 checks
2025-12-12 23:03:10 INFO 
================================================================================
2025-12-12 23:03:10 INFO SCAN COMPLETE
2025-12-12 23:03:10 INFO ================================================================================
2025-12-12 23:03:10 INFO Total checks: 277
2025-12-12 23:03:10 INFO   PASS: 277
2025-12-12 23:03:10 INFO   FAIL: 0
2025-12-12 23:03:10 INFO 
Report: /Users/apple/Desktop/threat-engine/azure_compliance_python_engine/output/scan_20251212_173307
2025-12-12 23:03:10 INFO Latest: /Users/apple/Desktop/threat-engine/azure_compliance_python_engine/output/latest
