2025-12-12 22:32:47 INFO [SCAN-START] scan_20251212_170247
2025-12-12 22:32:47 INFO Scan folder: /Users/apple/Desktop/threat-engine/azure_compliance_python_engine/output/scan_20251212_170247
2025-12-12 22:32:47 INFO Log file: /Users/apple/Desktop/threat-engine/azure_compliance_python_engine/output/scan_20251212_170247/logs/scan.log
2025-12-12 22:32:47 INFO ================================================================================
2025-12-12 22:32:47 INFO AZURE FLEXIBLE COMPLIANCE SCANNER
2025-12-12 22:32:47 INFO ================================================================================
2025-12-12 22:32:47 INFO 
Scan Scope:
2025-12-12 22:32:47 INFO   Subscriptions: 1 - ['f6d24b5d-51ed-47b7-9f6a-0ad194156b5e']
2025-12-12 22:32:47 INFO   Locations: 1 - ['eastus']
2025-12-12 22:32:47 INFO   Services: 1 - ['keyvault']
2025-12-12 22:32:47 INFO 
Parallelism:
2025-12-12 22:32:47 INFO   Subscription workers: 3
2025-12-12 22:32:47 INFO   Service/location workers: 5
2025-12-12 22:32:47 INFO 
Scanning 1 subscriptions in parallel (max 3)...
2025-12-12 22:32:47 INFO [1/1] ✓ Subscription-f6d24b5d-51ed-47b7-9f6a-0ad194156b5e: 7 checks
2025-12-12 22:32:47 INFO 
================================================================================
2025-12-12 22:32:47 INFO SCAN COMPLETE
2025-12-12 22:32:47 INFO ================================================================================
2025-12-12 22:32:47 INFO Total checks: 7
2025-12-12 22:32:47 INFO   PASS: 7
2025-12-12 22:32:47 INFO   FAIL: 0
2025-12-12 22:32:47 INFO 
Report: /Users/apple/Desktop/threat-engine/azure_compliance_python_engine/output/scan_20251212_170247
