2025-12-12 22:51:35 INFO [SCAN-START] scan_20251212_172135
2025-12-12 22:51:35 INFO Scan folder: /Users/apple/Desktop/threat-engine/gcp_compliance_python_engine/output/scan_20251212_172135
2025-12-12 22:51:35 INFO Log file: /Users/apple/Desktop/threat-engine/gcp_compliance_python_engine/output/scan_20251212_172135/logs/scan.log
2025-12-12 22:51:35 INFO ================================================================================
2025-12-12 22:51:35 INFO GCP FLEXIBLE COMPLIANCE SCANNER
2025-12-12 22:51:35 INFO ================================================================================
2025-12-12 22:51:36 INFO 
Scan Scope:
2025-12-12 22:51:36 INFO   Projects: 1 - ['test-215908']
2025-12-12 22:51:36 INFO   Regions: 31 - ['us-central1', 'us-east1', 'us-east4', 'us-west1', 'us-west2', 'us-west3', 'us-west4', 'europe-central2', 'europe-north1', 'europe-west1', 'europe-west2', 'europe-west3', 'europe-west4', 'europe-west6', 'europe-west8', 'europe-west9', 'asia-east1', 'asia-east2', 'asia-northeast1', 'asia-northeast2', 'asia-northeast3', 'asia-south1', 'asia-south2', 'asia-southeast1', 'asia-southeast2', 'australia-southeast1', 'australia-southeast2', 'northamerica-northeast1', 'northamerica-northeast2', 'southamerica-east1', 'southamerica-west1']
2025-12-12 22:51:36 INFO   Services: 3 - ['gcs', 'pubsub', 'iam']
2025-12-12 22:51:36 INFO   Resources: All
2025-12-12 22:51:36 INFO 
Parallelism:
2025-12-12 22:51:36 INFO   Project workers: 3
2025-12-12 22:51:36 INFO   Service/region workers: 3
2025-12-12 22:51:36 INFO   Max concurrent tasks: 9
2025-12-12 22:51:36 INFO 
Scanning 1 projects in parallel (max 3)...
2025-12-12 22:52:24 INFO [1/1] ✓ Project-test-215908 (test-215908): 109 checks
2025-12-12 22:52:24 INFO 
================================================================================
2025-12-12 22:52:24 INFO SCAN COMPLETE
2025-12-12 22:52:24 INFO ================================================================================
2025-12-12 22:52:24 INFO Total checks: 109
2025-12-12 22:52:24 INFO   PASS: 0
2025-12-12 22:52:24 INFO   FAIL: 109
2025-12-12 22:52:24 INFO 
Report: /Users/apple/Desktop/threat-engine/gcp_compliance_python_engine/output/scan_20251212_172135
