2025-12-12 23:17:00 INFO [SCAN-START] scan_20251212_174700
2025-12-12 23:17:00 INFO Scan folder: /Users/apple/Desktop/threat-engine/azure_compliance_python_engine/output/scan_20251212_174700
2025-12-12 23:17:00 INFO Log file: /Users/apple/Desktop/threat-engine/azure_compliance_python_engine/output/scan_20251212_174700/logs/scan.log
2025-12-12 23:17:00 INFO ================================================================================
2025-12-12 23:17:00 INFO AZURE FLEXIBLE COMPLIANCE SCANNER
2025-12-12 23:17:00 INFO ================================================================================
2025-12-12 23:17:04 INFO 
Scan Scope:
2025-12-12 23:17:04 INFO   Subscriptions: 1 - ['f6d24b5d-51ed-47b7-9f6a-0ad194156b5e']
2025-12-12 23:17:04 INFO   Locations: 1 - ['eastus']
2025-12-12 23:17:04 INFO   Services: 9 - ['storage', 'network', 'keyvault', 'compute', 'automation', 'batch', 'cosmosdb', 'monitor', 'subscription']
2025-12-12 23:17:04 INFO 
Parallelism:
2025-12-12 23:17:04 INFO   Subscription workers: 3
2025-12-12 23:17:04 INFO   Service/location workers: 30
2025-12-12 23:17:04 INFO 
Scanning 1 subscriptions in parallel (max 3)...
2025-12-12 23:17:04 INFO [1/1] ✓ Azure subscription 1: 338 checks
2025-12-12 23:17:04 INFO 
================================================================================
2025-12-12 23:17:04 INFO SCAN COMPLETE
2025-12-12 23:17:04 INFO ================================================================================
2025-12-12 23:17:04 INFO Total checks: 338
2025-12-12 23:17:04 INFO   PASS: 338
2025-12-12 23:17:04 INFO   FAIL: 0
2025-12-12 23:17:04 INFO 
Report: /Users/apple/Desktop/threat-engine/azure_compliance_python_engine/output/scan_20251212_174700
2025-12-12 23:17:04 INFO Latest: /Users/apple/Desktop/threat-engine/azure_compliance_python_engine/output/latest
