2025-12-12 22:49:30 INFO [SCAN-START] scan_20251212_171930
2025-12-12 22:49:30 INFO Scan folder: /Users/apple/Desktop/threat-engine/azure_compliance_python_engine/output/scan_20251212_171930
2025-12-12 22:49:30 INFO Log file: /Users/apple/Desktop/threat-engine/azure_compliance_python_engine/output/scan_20251212_171930/logs/scan.log
2025-12-12 22:49:30 INFO ================================================================================
2025-12-12 22:49:30 INFO AZURE FLEXIBLE COMPLIANCE SCANNER
2025-12-12 22:49:30 INFO ================================================================================
2025-12-12 22:49:33 INFO 
Scan Scope:
2025-12-12 22:49:33 INFO   Subscriptions: 1 - ['f6d24b5d-51ed-47b7-9f6a-0ad194156b5e']
2025-12-12 22:49:33 INFO   Locations: 1 - ['eastus']
2025-12-12 22:49:33 INFO   Services: 1 - ['keyvault']
2025-12-12 22:49:33 INFO 
Parallelism:
2025-12-12 22:49:33 INFO   Subscription workers: 3
2025-12-12 22:49:33 INFO   Service/location workers: 5
2025-12-12 22:49:33 INFO 
Scanning 1 subscriptions in parallel (max 3)...
2025-12-12 22:49:33 INFO [1/1] ✓ Azure subscription 1: 7 checks
2025-12-12 22:49:33 INFO 
================================================================================
2025-12-12 22:49:33 INFO SCAN COMPLETE
2025-12-12 22:49:33 INFO ================================================================================
2025-12-12 22:49:33 INFO Total checks: 7
2025-12-12 22:49:33 INFO   PASS: 7
2025-12-12 22:49:33 INFO   FAIL: 0
2025-12-12 22:49:33 INFO 
Report: /Users/apple/Desktop/threat-engine/azure_compliance_python_engine/output/scan_20251212_171930
2025-12-12 22:49:33 INFO Latest: /Users/apple/Desktop/threat-engine/azure_compliance_python_engine/output/latest
